<?xml version="1.0" encoding="UTF-8"?>
<testng-results ignored="0" total="3" passed="3" failed="0" skipped="0">
  <reporter-output>
  </reporter-output>
  <suite started-at="2023-09-07T01:27:02 IST" name="Suite" finished-at="2023-09-07T01:27:02 IST" duration-ms="108">
    <groups>
      <group name="regression">
        <method signature="A.M1()[pri:0, instance:Demo.A@34a3d150]" name="M1" class="Demo.A"/>
      </group> <!-- regression -->
      <group name="smoke">
        <method signature="A.M2()[pri:0, instance:Demo.A@34a3d150]" name="M2" class="Demo.A"/>
        <method signature="A.M3()[pri:0, instance:Demo.A@34a3d150]" name="M3" class="Demo.A"/>
      </group> <!-- smoke -->
    </groups>
    <test started-at="2023-09-07T01:27:02 IST" name="Test" finished-at="2023-09-07T01:27:02 IST" duration-ms="108">
      <class name="Demo.A">
        <test-method signature="M1()[pri:0, instance:Demo.A@34a3d150]" started-at="2023-09-07T01:27:02 IST" name="M1" finished-at="2023-09-07T01:27:02 IST" duration-ms="10" status="PASS">
          <reporter-output>
          </reporter-output>
        </test-method> <!-- M1 -->
        <test-method signature="M2()[pri:0, instance:Demo.A@34a3d150]" started-at="2023-09-07T01:27:02 IST" name="M2" finished-at="2023-09-07T01:27:02 IST" duration-ms="6" status="PASS">
          <reporter-output>
          </reporter-output>
        </test-method> <!-- M2 -->
        <test-method signature="M3()[pri:0, instance:Demo.A@34a3d150]" started-at="2023-09-07T01:27:02 IST" name="M3" finished-at="2023-09-07T01:27:02 IST" duration-ms="6" status="PASS">
          <reporter-output>
          </reporter-output>
        </test-method> <!-- M3 -->
      </class> <!-- Demo.A -->
    </test> <!-- Test -->
  </suite> <!-- Suite -->
</testng-results>
