<?xml version="1.0" encoding="UTF-8"?>
<testng-results ignored="0" total="1" passed="1" failed="0" skipped="0">
  <reporter-output>
  </reporter-output>
  <suite started-at="2023-09-07T16:46:51 IST" name="Default suite" finished-at="2023-09-07T16:46:57 IST" duration-ms="5937">
    <groups>
    </groups>
    <test started-at="2023-09-07T16:46:51 IST" name="Default test" finished-at="2023-09-07T16:46:57 IST" duration-ms="5937">
      <class name="TestCases.Aa">
        <test-method signature="M1()[pri:0, instance:TestCases.Aa@6f1de4c7]" started-at="2023-09-07T16:46:51 IST" name="M1" finished-at="2023-09-07T16:46:57 IST" duration-ms="5878" status="PASS">
          <reporter-output>
          </reporter-output>
        </test-method> <!-- M1 -->
      </class> <!-- TestCases.Aa -->
    </test> <!-- Default test -->
  </suite> <!-- Default suite -->
</testng-results>
